[91m[36m         __  __      ______ ____   ____   _____
[91m[36m        / / / /_____/ ,____/_/ /  / __ \/'_   /
[91m[36m       / / / / __ '/ /____/ / /  / / / / / / / 
[91m[36m      / /_/ / /_/ /___,  / / /__/ /_/ / / / /  
[91m[36m      \____/ ____/______/_/____/\____/_/ /_/   
[91m[36m          / /                                  
[91m[36m         /_/                                   
[0;34m          - When Epsiloff and Omegout          [0m

[32mBuilding U1.1.0-E15.5.0
[32m  Targeting Numworks n0100
[32m    Building on Linux amd64
[0m[39m
Makefile:17: reader app included, removing it on n0100. 
Makefile:25: Removing uLab on n0100. 
Makefile:53: HOME_DISPLAY_EXTERNALS is set but external isn't included, ignoring flag.
I18N    apps/i18n.cpp
THEME   escher/palette.h
Traceback (most recent call last):
  File "/home/neo/Documents/Code/Upsilon/themes/themes_manager.py", line 25, in check_git_remote
    output = subprocess.check_output(["git", "ls-remote", remote_url], env=dict(os.environ, GIT_ASKPASS="/bin/true"), stderr=subprocess.PIPE)
  File "/usr/lib/python3.13/subprocess.py", line 472, in check_output
    return run(*popenargs, stdout=PIPE, timeout=timeout, check=True,
           ~~~^^^^^^^^^^^^^^^^^^^^^^^^^^^^^^^^^^^^^^^^^^^^^^^^^^^^^^
               **kwargs).stdout
               ^^^^^^^^^
  File "/usr/lib/python3.13/subprocess.py", line 577, in run
    raise CalledProcessError(retcode, process.args,
                             output=stdout, stderr=stderr)
subprocess.CalledProcessError: Command '['git', 'ls-remote', 'https://github.com/ArtichOwO/WeebThemeOmega']' returned non-zero exit status 128.

During handling of the above exception, another exception occurred:

Traceback (most recent call last):
  File "/home/neo/Documents/Code/Upsilon/themes/themes_manager.py", line 227, in <module>
    main(args)
    ~~~~^^^^^^
  File "/home/neo/Documents/Code/Upsilon/themes/themes_manager.py", line 208, in main
    if (check_git_remote(args.repo)):
        ~~~~~~~~~~~~~~~~^^^^^^^^^^^
  File "/home/neo/Documents/Code/Upsilon/themes/themes_manager.py", line 28, in check_git_remote
    print("ERROR: Invalid remote " + remote_url + "!", file=os.stderr)
                                                            ^^^^^^^^^
AttributeError: module 'os' has no attribute 'stderr'
make: *** [escher/Makefile:13: output/release/device/n0100/escher/palette.h] Error 1
[91m[36m         __  __      ______ ____   ____   _____
[91m[36m        / / / /_____/ ,____/_/ /  / __ \/'_   /
[91m[36m       / / / / __ '/ /____/ / /  / / / / / / / 
[91m[36m      / /_/ / /_/ /___,  / / /__/ /_/ / / / /  
[91m[36m      \____/ ____/______/_/____/\____/_/ /_/   
[91m[36m          / /                                  
[91m[36m         /_/                                   
[0;34m          - When Epsiloff and Omegout          [0m

[32mBuilding U1.1.0-E15.5.0
[32m  Targeting Numworks n0100
[32m    Building on Linux amd64
[0m[39m
Makefile:17: reader app included, removing it on n0100. 
Makefile:25: Removing uLab on n0100. 
Makefile:53: HOME_DISPLAY_EXTERNALS is set but external isn't included, ignoring flag.
THEME   escher/palette.h
Traceback (most recent call last):
  File "/home/neo/Documents/Code/Upsilon/themes/themes_manager.py", line 25, in check_git_remote
    output = subprocess.check_output(["git", "ls-remote", remote_url], env=dict(os.environ, GIT_ASKPASS="/bin/true"), stderr=subprocess.PIPE)
  File "/usr/lib/python3.13/subprocess.py", line 472, in check_output
    return run(*popenargs, stdout=PIPE, timeout=timeout, check=True,
           ~~~^^^^^^^^^^^^^^^^^^^^^^^^^^^^^^^^^^^^^^^^^^^^^^^^^^^^^^
               **kwargs).stdout
               ^^^^^^^^^
  File "/usr/lib/python3.13/subprocess.py", line 577, in run
    raise CalledProcessError(retcode, process.args,
                             output=stdout, stderr=stderr)
subprocess.CalledProcessError: Command '['git', 'ls-remote', 'https://github.com/ArtichOwO/WeebThemeOmega']' returned non-zero exit status 128.

During handling of the above exception, another exception occurred:

Traceback (most recent call last):
  File "/home/neo/Documents/Code/Upsilon/themes/themes_manager.py", line 227, in <module>
    main(args)
    ~~~~^^^^^^
  File "/home/neo/Documents/Code/Upsilon/themes/themes_manager.py", line 208, in main
    if (check_git_remote(args.repo)):
        ~~~~~~~~~~~~~~~~^^^^^^^^^^^
  File "/home/neo/Documents/Code/Upsilon/themes/themes_manager.py", line 28, in check_git_remote
    print("ERROR: Invalid remote " + remote_url + "!", file=os.stderr)
                                                            ^^^^^^^^^
AttributeError: module 'os' has no attribute 'stderr'
make: *** [escher/Makefile:13: output/release/device/n0100/escher/palette.h] Error 1
